Discrepancy Report Results

Summary
DISC_PROTEIN_NAMES:All proteins have same name "hypothetical protein"
FATAL: MISSING_PROTEIN_ID:2 proteins have invalid IDs.
DISC_SOURCE_QUALS_ASNDISC:strain (all present, all unique)
DISC_SOURCE_QUALS_ASNDISC:taxname (all present, all unique)
DISC_FEATURE_COUNT:CDS: 2 present
DISC_COUNT_NUCLEOTIDES:1 nucleotide Bioseqs are present
FEATURE_LOCATION_CONFLICT:2 features have inconsistent gene locations.
DISC_QUALITY_SCORES:Quality scores are missing on all sequences.
ONCALLER_COMMENT_PRESENT:1 comment descriptors were found (all same)
SHORT_PROT_SEQUENCES:1 protein sequences are shorter than 50 aa.
MISSING_GENOMEASSEMBLY_COMMENTS:1 bioseqs are missing GenomeAssembly structured comments
MOLTYPE_NOT_MRNA:1 molecule types are not set as mRNA.
TECHNIQUE_NOT_TSA:1 technique are not set as TSA
MISSING_STRUCTURED_COMMENT:1 sequences do not include structured comments.
MISSING_PROJECT:3 sequences do not include project.
DISC_INCONSISTENT_MOLINFO_TECH:Molinfo Technique Report (some missing, all same)


Detailed Report

DiscRep_ALL:DISC_PROTEIN_NAMES::All proteins have same name "hypothetical protein"

FATAL: DiscRep_ALL:MISSING_PROTEIN_ID::2 proteins have invalid IDs.
Staphylococcus_aureus_plasmid3/Staphylococcus_aureus_plasmid3:Staphylococcus_aureus_plasmid3_1 (length 38)
Staphylococcus_aureus_plasmid3/Staphylococcus_aureus_plasmid3:Staphylococcus_aureus_plasmid3_2 (length 334)

DiscRep_ALL:DISC_SOURCE_QUALS_ASNDISC::strain (all present, all unique)
DiscRep_SUB:DISC_SOURCE_QUALS_ASNDISC::1 sources have unique values for strain
DiscRep_ALL:DISC_SOURCE_QUALS_ASNDISC::taxname (all present, all unique)
DiscRep_SUB:DISC_SOURCE_QUALS_ASNDISC::1 sources have unique values for taxname
DiscRep_ALL:DISC_FEATURE_COUNT::CDS: 2 present
DiscRep_ALL:DISC_COUNT_NUCLEOTIDES::1 nucleotide Bioseqs are present
Staphylococcus_aureus_plasmid3/Staphylococcus_aureus_plasmid3:Staphylococcus_aureus_plasmid3 (length 2993)

DiscRep_ALL:FEATURE_LOCATION_CONFLICT::2 features have inconsistent gene locations.
DiscRep_SUB:FEATURE_LOCATION_CONFLICT::Coding region xref gene does not exist
Staphylococcus_aureus_plasmid3/Staphylococcus_aureus_plasmid3:CDS	hypothetical protein	Staphylococcus_aureus_plasmid3:45-161	Zymos_Sa_p3_00001

DiscRep_SUB:FEATURE_LOCATION_CONFLICT::Coding region xref gene does not exist
Staphylococcus_aureus_plasmid3/Staphylococcus_aureus_plasmid3:CDS	hypothetical protein	Staphylococcus_aureus_plasmid3:345-1349	Zymos_Sa_p3_00002

DiscRep_ALL:DISC_QUALITY_SCORES::Quality scores are missing on all sequences.

DiscRep_ALL:ONCALLER_COMMENT_PRESENT::1 comment descriptors were found (all same)
Staphylococcus_aureus_plasmid3/Staphylococcus_aureus_plasmid3:Staphylococcus_aureus_plasmid3:Annotated using prokka 1.14.6 from https://github.com/tseemann/prokka

DiscRep_ALL:SHORT_PROT_SEQUENCES::1 protein sequences are shorter than 50 aa.
Staphylococcus_aureus_plasmid3/Staphylococcus_aureus_plasmid3:Staphylococcus_aureus_plasmid3_1 (length 38)

DiscRep_ALL:MISSING_GENOMEASSEMBLY_COMMENTS::1 bioseqs are missing GenomeAssembly structured comments
Staphylococcus_aureus_plasmid3/Staphylococcus_aureus_plasmid3:Staphylococcus_aureus_plasmid3 (length 2993)

DiscRep_ALL:MOLTYPE_NOT_MRNA::1 molecule types are not set as mRNA.
Staphylococcus_aureus_plasmid3/Staphylococcus_aureus_plasmid3:Staphylococcus_aureus_plasmid3 (length 2993)

DiscRep_ALL:TECHNIQUE_NOT_TSA::1 technique are not set as TSA
Staphylococcus_aureus_plasmid3/Staphylococcus_aureus_plasmid3:Staphylococcus_aureus_plasmid3 (length 2993)

DiscRep_ALL:MISSING_STRUCTURED_COMMENT::1 sequences do not include structured comments.
Staphylococcus_aureus_plasmid3/Staphylococcus_aureus_plasmid3:Staphylococcus_aureus_plasmid3 (length 2993)

DiscRep_ALL:MISSING_PROJECT::3 sequences do not include project.
Staphylococcus_aureus_plasmid3/Staphylococcus_aureus_plasmid3:Staphylococcus_aureus_plasmid3 (length 2993)
Staphylococcus_aureus_plasmid3/Staphylococcus_aureus_plasmid3:Staphylococcus_aureus_plasmid3_1 (length 38)
Staphylococcus_aureus_plasmid3/Staphylococcus_aureus_plasmid3:Staphylococcus_aureus_plasmid3_2 (length 334)

DiscRep_ALL:DISC_INCONSISTENT_MOLINFO_TECH::Molinfo Technique Report (some missing, all same)
DiscRep_SUB:DISC_INCONSISTENT_MOLINFO_TECH::technique (all missing)
DiscRep_SUB:DISC_INCONSISTENT_MOLINFO_TECH::1 Molinfos are missing field technique
Staphylococcus_aureus_plasmid3/Staphylococcus_aureus_plasmid3:Staphylococcus_aureus_plasmid3 (length 2993)

