Discrepancy Report Results

Summary
FATAL: MISSING_PROTEIN_ID:5 proteins have invalid IDs.
DISC_SOURCE_QUALS_ASNDISC:strain (all present, all unique)
DISC_SOURCE_QUALS_ASNDISC:taxname (all present, all unique)
DISC_FEATURE_COUNT:CDS: 5 present
DISC_COUNT_NUCLEOTIDES:1 nucleotide Bioseqs are present
FEATURE_LOCATION_CONFLICT:5 features have inconsistent gene locations.
DISC_QUALITY_SCORES:Quality scores are missing on all sequences.
ONCALLER_COMMENT_PRESENT:1 comment descriptors were found (all same)
MISSING_GENOMEASSEMBLY_COMMENTS:1 bioseqs are missing GenomeAssembly structured comments
MOLTYPE_NOT_MRNA:1 molecule types are not set as mRNA.
TECHNIQUE_NOT_TSA:1 technique are not set as TSA
MISSING_STRUCTURED_COMMENT:1 sequences do not include structured comments.
MISSING_PROJECT:6 sequences do not include project.
DISC_INCONSISTENT_MOLINFO_TECH:Molinfo Technique Report (some missing, all same)


Detailed Report

FATAL: DiscRep_ALL:MISSING_PROTEIN_ID::5 proteins have invalid IDs.
Staphylococcus_aureus_plasmid1/Staphylococcus_aureus_plasmid1:Staphylococcus_aureus_plasmid1_1 (length 166)
Staphylococcus_aureus_plasmid1/Staphylococcus_aureus_plasmid1:Staphylococcus_aureus_plasmid1_2 (length 269)
Staphylococcus_aureus_plasmid1/Staphylococcus_aureus_plasmid1:Staphylococcus_aureus_plasmid1_3 (length 458)
Staphylococcus_aureus_plasmid1/Staphylococcus_aureus_plasmid1:Staphylococcus_aureus_plasmid1_4 (length 127)
Staphylococcus_aureus_plasmid1/Staphylococcus_aureus_plasmid1:Staphylococcus_aureus_plasmid1_5 (length 408)

DiscRep_ALL:DISC_SOURCE_QUALS_ASNDISC::strain (all present, all unique)
DiscRep_SUB:DISC_SOURCE_QUALS_ASNDISC::1 sources have unique values for strain
DiscRep_ALL:DISC_SOURCE_QUALS_ASNDISC::taxname (all present, all unique)
DiscRep_SUB:DISC_SOURCE_QUALS_ASNDISC::1 sources have unique values for taxname
DiscRep_ALL:DISC_FEATURE_COUNT::CDS: 5 present
DiscRep_ALL:DISC_COUNT_NUCLEOTIDES::1 nucleotide Bioseqs are present
Staphylococcus_aureus_plasmid1/Staphylococcus_aureus_plasmid1:Staphylococcus_aureus_plasmid1 (length 6337)

DiscRep_ALL:FEATURE_LOCATION_CONFLICT::5 features have inconsistent gene locations.
DiscRep_SUB:FEATURE_LOCATION_CONFLICT::Coding region xref gene does not exist
Staphylococcus_aureus_plasmid1/Staphylococcus_aureus_plasmid1:CDS	hypothetical protein	Staphylococcus_aureus_plasmid1:69-569	Zymos_Sa_p1_00001

DiscRep_SUB:FEATURE_LOCATION_CONFLICT::Coding region xref gene does not exist
Staphylococcus_aureus_plasmid1/Staphylococcus_aureus_plasmid1:CDS	Kanamycin nucleotidyltransferase	Staphylococcus_aureus_plasmid1:592-1401	Zymos_Sa_p1_00002

DiscRep_SUB:FEATURE_LOCATION_CONFLICT::Coding region xref gene does not exist
Staphylococcus_aureus_plasmid1/Staphylococcus_aureus_plasmid1:CDS	tetracycline efflux MFS transporter Tet(L)	Staphylococcus_aureus_plasmid1:1708-3084	Zymos_Sa_p1_00003

DiscRep_SUB:FEATURE_LOCATION_CONFLICT::Coding region xref gene does not exist
Staphylococcus_aureus_plasmid1/Staphylococcus_aureus_plasmid1:CDS	hypothetical protein	Staphylococcus_aureus_plasmid1:c3516-3133	Zymos_Sa_p1_00004

DiscRep_SUB:FEATURE_LOCATION_CONFLICT::Coding region xref gene does not exist
Staphylococcus_aureus_plasmid1/Staphylococcus_aureus_plasmid1:CDS	hypothetical protein	Staphylococcus_aureus_plasmid1:3623-4849	Zymos_Sa_p1_00005

DiscRep_ALL:DISC_QUALITY_SCORES::Quality scores are missing on all sequences.

DiscRep_ALL:ONCALLER_COMMENT_PRESENT::1 comment descriptors were found (all same)
Staphylococcus_aureus_plasmid1/Staphylococcus_aureus_plasmid1:Staphylococcus_aureus_plasmid1:Annotated using prokka 1.14.6 from https://github.com/tseemann/prokka

DiscRep_ALL:MISSING_GENOMEASSEMBLY_COMMENTS::1 bioseqs are missing GenomeAssembly structured comments
Staphylococcus_aureus_plasmid1/Staphylococcus_aureus_plasmid1:Staphylococcus_aureus_plasmid1 (length 6337)

DiscRep_ALL:MOLTYPE_NOT_MRNA::1 molecule types are not set as mRNA.
Staphylococcus_aureus_plasmid1/Staphylococcus_aureus_plasmid1:Staphylococcus_aureus_plasmid1 (length 6337)

DiscRep_ALL:TECHNIQUE_NOT_TSA::1 technique are not set as TSA
Staphylococcus_aureus_plasmid1/Staphylococcus_aureus_plasmid1:Staphylococcus_aureus_plasmid1 (length 6337)

DiscRep_ALL:MISSING_STRUCTURED_COMMENT::1 sequences do not include structured comments.
Staphylococcus_aureus_plasmid1/Staphylococcus_aureus_plasmid1:Staphylococcus_aureus_plasmid1 (length 6337)

DiscRep_ALL:MISSING_PROJECT::6 sequences do not include project.
Staphylococcus_aureus_plasmid1/Staphylococcus_aureus_plasmid1:Staphylococcus_aureus_plasmid1 (length 6337)
Staphylococcus_aureus_plasmid1/Staphylococcus_aureus_plasmid1:Staphylococcus_aureus_plasmid1_1 (length 166)
Staphylococcus_aureus_plasmid1/Staphylococcus_aureus_plasmid1:Staphylococcus_aureus_plasmid1_2 (length 269)
Staphylococcus_aureus_plasmid1/Staphylococcus_aureus_plasmid1:Staphylococcus_aureus_plasmid1_3 (length 458)
Staphylococcus_aureus_plasmid1/Staphylococcus_aureus_plasmid1:Staphylococcus_aureus_plasmid1_4 (length 127)
Staphylococcus_aureus_plasmid1/Staphylococcus_aureus_plasmid1:Staphylococcus_aureus_plasmid1_5 (length 408)

DiscRep_ALL:DISC_INCONSISTENT_MOLINFO_TECH::Molinfo Technique Report (some missing, all same)
DiscRep_SUB:DISC_INCONSISTENT_MOLINFO_TECH::technique (all missing)
DiscRep_SUB:DISC_INCONSISTENT_MOLINFO_TECH::1 Molinfos are missing field technique
Staphylococcus_aureus_plasmid1/Staphylococcus_aureus_plasmid1:Staphylococcus_aureus_plasmid1 (length 6337)

