Discrepancy Report Results

Summary
FATAL: MISSING_PROTEIN_ID:123 proteins have invalid IDs.
DISC_SOURCE_QUALS_ASNDISC:strain (all present, all unique)
DISC_SOURCE_QUALS_ASNDISC:taxname (all present, all unique)
DISC_SOURCE_QUALS_ASNDISC:taxid (all present, all unique)
DISC_FEATURE_COUNT:CDS: 123 present
DISC_FEATURE_COUNT:tRNA: 4 present
DISC_COUNT_NUCLEOTIDES:1 nucleotide Bioseqs are present
FEATURE_LOCATION_CONFLICT:127 features have inconsistent gene locations.
DISC_QUALITY_SCORES:Quality scores are missing on all sequences.
ONCALLER_COMMENT_PRESENT:1 comment descriptors were found (all same)
MISSING_GENOMEASSEMBLY_COMMENTS:1 bioseqs are missing GenomeAssembly structured comments
DISC_BACTERIAL_TAX_STRAIN_MISMATCH:1 biosources have tax name/strain mismatch
MOLTYPE_NOT_MRNA:1 molecule types are not set as mRNA.
TECHNIQUE_NOT_TSA:1 technique are not set as TSA
MISSING_STRUCTURED_COMMENT:1 sequences do not include structured comments.
MISSING_PROJECT:124 sequences do not include project.
DISC_INCONSISTENT_MOLINFO_TECH:Molinfo Technique Report (some missing, all same)


Detailed Report

FATAL: DiscRep_ALL:MISSING_PROTEIN_ID::123 proteins have invalid IDs.
Escherichia_coli_plasmid/Escherichia_coli_plasmid:Escherichia_coli_plasmid_1 (length 1228)
Escherichia_coli_plasmid/Escherichia_coli_plasmid:Escherichia_coli_plasmid_2 (length 260)
Escherichia_coli_plasmid/Escherichia_coli_plasmid:Escherichia_coli_plasmid_3 (length 107)
Escherichia_coli_plasmid/Escherichia_coli_plasmid:Escherichia_coli_plasmid_4 (length 230)
Escherichia_coli_plasmid/Escherichia_coli_plasmid:Escherichia_coli_plasmid_5 (length 83)
Escherichia_coli_plasmid/Escherichia_coli_plasmid:Escherichia_coli_plasmid_6 (length 173)
Escherichia_coli_plasmid/Escherichia_coli_plasmid:Escherichia_coli_plasmid_7 (length 101)
Escherichia_coli_plasmid/Escherichia_coli_plasmid:Escherichia_coli_plasmid_8 (length 222)
Escherichia_coli_plasmid/Escherichia_coli_plasmid:Escherichia_coli_plasmid_9 (length 119)
Escherichia_coli_plasmid/Escherichia_coli_plasmid:Escherichia_coli_plasmid_10 (length 225)
Escherichia_coli_plasmid/Escherichia_coli_plasmid:Escherichia_coli_plasmid_11 (length 246)
Escherichia_coli_plasmid/Escherichia_coli_plasmid:Escherichia_coli_plasmid_12 (length 446)
Escherichia_coli_plasmid/Escherichia_coli_plasmid:Escherichia_coli_plasmid_13 (length 393)
Escherichia_coli_plasmid/Escherichia_coli_plasmid:Escherichia_coli_plasmid_14 (length 258)
Escherichia_coli_plasmid/Escherichia_coli_plasmid:Escherichia_coli_plasmid_15 (length 160)
Escherichia_coli_plasmid/Escherichia_coli_plasmid:Escherichia_coli_plasmid_16 (length 440)
Escherichia_coli_plasmid/Escherichia_coli_plasmid:Escherichia_coli_plasmid_17 (length 59)
Escherichia_coli_plasmid/Escherichia_coli_plasmid:Escherichia_coli_plasmid_18 (length 71)
Escherichia_coli_plasmid/Escherichia_coli_plasmid:Escherichia_coli_plasmid_19 (length 50)
Escherichia_coli_plasmid/Escherichia_coli_plasmid:Escherichia_coli_plasmid_20 (length 96)
Escherichia_coli_plasmid/Escherichia_coli_plasmid:Escherichia_coli_plasmid_21 (length 116)
Escherichia_coli_plasmid/Escherichia_coli_plasmid:Escherichia_coli_plasmid_22 (length 81)
Escherichia_coli_plasmid/Escherichia_coli_plasmid:Escherichia_coli_plasmid_23 (length 367)
Escherichia_coli_plasmid/Escherichia_coli_plasmid:Escherichia_coli_plasmid_24 (length 128)
Escherichia_coli_plasmid/Escherichia_coli_plasmid:Escherichia_coli_plasmid_25 (length 70)
Escherichia_coli_plasmid/Escherichia_coli_plasmid:Escherichia_coli_plasmid_26 (length 702)
Escherichia_coli_plasmid/Escherichia_coli_plasmid:Escherichia_coli_plasmid_27 (length 411)
Escherichia_coli_plasmid/Escherichia_coli_plasmid:Escherichia_coli_plasmid_28 (length 1172)
Escherichia_coli_plasmid/Escherichia_coli_plasmid:Escherichia_coli_plasmid_29 (length 143)
Escherichia_coli_plasmid/Escherichia_coli_plasmid:Escherichia_coli_plasmid_30 (length 342)
Escherichia_coli_plasmid/Escherichia_coli_plasmid:Escherichia_coli_plasmid_31 (length 314)
Escherichia_coli_plasmid/Escherichia_coli_plasmid:Escherichia_coli_plasmid_32 (length 88)
Escherichia_coli_plasmid/Escherichia_coli_plasmid:Escherichia_coli_plasmid_33 (length 779)
Escherichia_coli_plasmid/Escherichia_coli_plasmid:Escherichia_coli_plasmid_34 (length 66)
Escherichia_coli_plasmid/Escherichia_coli_plasmid:Escherichia_coli_plasmid_35 (length 276)
Escherichia_coli_plasmid/Escherichia_coli_plasmid:Escherichia_coli_plasmid_36 (length 141)
Escherichia_coli_plasmid/Escherichia_coli_plasmid:Escherichia_coli_plasmid_37 (length 91)
Escherichia_coli_plasmid/Escherichia_coli_plasmid:Escherichia_coli_plasmid_38 (length 111)
Escherichia_coli_plasmid/Escherichia_coli_plasmid:Escherichia_coli_plasmid_39 (length 70)
Escherichia_coli_plasmid/Escherichia_coli_plasmid:Escherichia_coli_plasmid_40 (length 351)
Escherichia_coli_plasmid/Escherichia_coli_plasmid:Escherichia_coli_plasmid_41 (length 214)
Escherichia_coli_plasmid/Escherichia_coli_plasmid:Escherichia_coli_plasmid_42 (length 310)
Escherichia_coli_plasmid/Escherichia_coli_plasmid:Escherichia_coli_plasmid_43 (length 638)
Escherichia_coli_plasmid/Escherichia_coli_plasmid:Escherichia_coli_plasmid_44 (length 247)
Escherichia_coli_plasmid/Escherichia_coli_plasmid:Escherichia_coli_plasmid_45 (length 189)
Escherichia_coli_plasmid/Escherichia_coli_plasmid:Escherichia_coli_plasmid_46 (length 771)
Escherichia_coli_plasmid/Escherichia_coli_plasmid:Escherichia_coli_plasmid_47 (length 380)
Escherichia_coli_plasmid/Escherichia_coli_plasmid:Escherichia_coli_plasmid_48 (length 289)
Escherichia_coli_plasmid/Escherichia_coli_plasmid:Escherichia_coli_plasmid_49 (length 367)
Escherichia_coli_plasmid/Escherichia_coli_plasmid:Escherichia_coli_plasmid_50 (length 153)
Escherichia_coli_plasmid/Escherichia_coli_plasmid:Escherichia_coli_plasmid_51 (length 158)
Escherichia_coli_plasmid/Escherichia_coli_plasmid:Escherichia_coli_plasmid_52 (length 214)
Escherichia_coli_plasmid/Escherichia_coli_plasmid:Escherichia_coli_plasmid_53 (length 139)
Escherichia_coli_plasmid/Escherichia_coli_plasmid:Escherichia_coli_plasmid_54 (length 185)
Escherichia_coli_plasmid/Escherichia_coli_plasmid:Escherichia_coli_plasmid_55 (length 269)
Escherichia_coli_plasmid/Escherichia_coli_plasmid:Escherichia_coli_plasmid_56 (length 197)
Escherichia_coli_plasmid/Escherichia_coli_plasmid:Escherichia_coli_plasmid_57 (length 76)
Escherichia_coli_plasmid/Escherichia_coli_plasmid:Escherichia_coli_plasmid_58 (length 197)
Escherichia_coli_plasmid/Escherichia_coli_plasmid:Escherichia_coli_plasmid_59 (length 164)
Escherichia_coli_plasmid/Escherichia_coli_plasmid:Escherichia_coli_plasmid_60 (length 62)
Escherichia_coli_plasmid/Escherichia_coli_plasmid:Escherichia_coli_plasmid_61 (length 141)
Escherichia_coli_plasmid/Escherichia_coli_plasmid:Escherichia_coli_plasmid_62 (length 52)
Escherichia_coli_plasmid/Escherichia_coli_plasmid:Escherichia_coli_plasmid_63 (length 189)
Escherichia_coli_plasmid/Escherichia_coli_plasmid:Escherichia_coli_plasmid_64 (length 93)
Escherichia_coli_plasmid/Escherichia_coli_plasmid:Escherichia_coli_plasmid_65 (length 190)
Escherichia_coli_plasmid/Escherichia_coli_plasmid:Escherichia_coli_plasmid_66 (length 561)
Escherichia_coli_plasmid/Escherichia_coli_plasmid:Escherichia_coli_plasmid_67 (length 234)
Escherichia_coli_plasmid/Escherichia_coli_plasmid:Escherichia_coli_plasmid_68 (length 126)
Escherichia_coli_plasmid/Escherichia_coli_plasmid:Escherichia_coli_plasmid_69 (length 183)
Escherichia_coli_plasmid/Escherichia_coli_plasmid:Escherichia_coli_plasmid_70 (length 133)
Escherichia_coli_plasmid/Escherichia_coli_plasmid:Escherichia_coli_plasmid_71 (length 62)
Escherichia_coli_plasmid/Escherichia_coli_plasmid:Escherichia_coli_plasmid_72 (length 234)
Escherichia_coli_plasmid/Escherichia_coli_plasmid:Escherichia_coli_plasmid_73 (length 73)
Escherichia_coli_plasmid/Escherichia_coli_plasmid:Escherichia_coli_plasmid_74 (length 127)
Escherichia_coli_plasmid/Escherichia_coli_plasmid:Escherichia_coli_plasmid_75 (length 208)
Escherichia_coli_plasmid/Escherichia_coli_plasmid:Escherichia_coli_plasmid_76 (length 129)
Escherichia_coli_plasmid/Escherichia_coli_plasmid:Escherichia_coli_plasmid_77 (length 366)
Escherichia_coli_plasmid/Escherichia_coli_plasmid:Escherichia_coli_plasmid_78 (length 677)
Escherichia_coli_plasmid/Escherichia_coli_plasmid:Escherichia_coli_plasmid_79 (length 99)
Escherichia_coli_plasmid/Escherichia_coli_plasmid:Escherichia_coli_plasmid_80 (length 244)
Escherichia_coli_plasmid/Escherichia_coli_plasmid:Escherichia_coli_plasmid_81 (length 109)
Escherichia_coli_plasmid/Escherichia_coli_plasmid:Escherichia_coli_plasmid_82 (length 103)
Escherichia_coli_plasmid/Escherichia_coli_plasmid:Escherichia_coli_plasmid_83 (length 131)
Escherichia_coli_plasmid/Escherichia_coli_plasmid:Escherichia_coli_plasmid_84 (length 124)
Escherichia_coli_plasmid/Escherichia_coli_plasmid:Escherichia_coli_plasmid_85 (length 93)
Escherichia_coli_plasmid/Escherichia_coli_plasmid:Escherichia_coli_plasmid_86 (length 160)
Escherichia_coli_plasmid/Escherichia_coli_plasmid:Escherichia_coli_plasmid_87 (length 76)
Escherichia_coli_plasmid/Escherichia_coli_plasmid:Escherichia_coli_plasmid_88 (length 82)
Escherichia_coli_plasmid/Escherichia_coli_plasmid:Escherichia_coli_plasmid_89 (length 216)
Escherichia_coli_plasmid/Escherichia_coli_plasmid:Escherichia_coli_plasmid_90 (length 102)
Escherichia_coli_plasmid/Escherichia_coli_plasmid:Escherichia_coli_plasmid_91 (length 174)
Escherichia_coli_plasmid/Escherichia_coli_plasmid:Escherichia_coli_plasmid_92 (length 154)
Escherichia_coli_plasmid/Escherichia_coli_plasmid:Escherichia_coli_plasmid_93 (length 92)
Escherichia_coli_plasmid/Escherichia_coli_plasmid:Escherichia_coli_plasmid_94 (length 519)
Escherichia_coli_plasmid/Escherichia_coli_plasmid:Escherichia_coli_plasmid_95 (length 226)
Escherichia_coli_plasmid/Escherichia_coli_plasmid:Escherichia_coli_plasmid_96 (length 222)
Escherichia_coli_plasmid/Escherichia_coli_plasmid:Escherichia_coli_plasmid_97 (length 221)
Escherichia_coli_plasmid/Escherichia_coli_plasmid:Escherichia_coli_plasmid_98 (length 296)
Escherichia_coli_plasmid/Escherichia_coli_plasmid:Escherichia_coli_plasmid_99 (length 88)
Escherichia_coli_plasmid/Escherichia_coli_plasmid:Escherichia_coli_plasmid_100 (length 210)
Escherichia_coli_plasmid/Escherichia_coli_plasmid:Escherichia_coli_plasmid_101 (length 418)
Escherichia_coli_plasmid/Escherichia_coli_plasmid:Escherichia_coli_plasmid_102 (length 524)
Escherichia_coli_plasmid/Escherichia_coli_plasmid:Escherichia_coli_plasmid_103 (length 295)
Escherichia_coli_plasmid/Escherichia_coli_plasmid:Escherichia_coli_plasmid_104 (length 291)
Escherichia_coli_plasmid/Escherichia_coli_plasmid:Escherichia_coli_plasmid_105 (length 306)
Escherichia_coli_plasmid/Escherichia_coli_plasmid:Escherichia_coli_plasmid_106 (length 144)
Escherichia_coli_plasmid/Escherichia_coli_plasmid:Escherichia_coli_plasmid_107 (length 277)
Escherichia_coli_plasmid/Escherichia_coli_plasmid:Escherichia_coli_plasmid_108 (length 114)
Escherichia_coli_plasmid/Escherichia_coli_plasmid:Escherichia_coli_plasmid_109 (length 157)
Escherichia_coli_plasmid/Escherichia_coli_plasmid:Escherichia_coli_plasmid_110 (length 127)
Escherichia_coli_plasmid/Escherichia_coli_plasmid:Escherichia_coli_plasmid_111 (length 248)
Escherichia_coli_plasmid/Escherichia_coli_plasmid:Escherichia_coli_plasmid_112 (length 105)
Escherichia_coli_plasmid/Escherichia_coli_plasmid:Escherichia_coli_plasmid_113 (length 89)
Escherichia_coli_plasmid/Escherichia_coli_plasmid:Escherichia_coli_plasmid_114 (length 192)
Escherichia_coli_plasmid/Escherichia_coli_plasmid:Escherichia_coli_plasmid_115 (length 295)
Escherichia_coli_plasmid/Escherichia_coli_plasmid:Escherichia_coli_plasmid_116 (length 108)
Escherichia_coli_plasmid/Escherichia_coli_plasmid:Escherichia_coli_plasmid_117 (length 1371)
Escherichia_coli_plasmid/Escherichia_coli_plasmid:Escherichia_coli_plasmid_118 (length 111)
Escherichia_coli_plasmid/Escherichia_coli_plasmid:Escherichia_coli_plasmid_119 (length 232)
Escherichia_coli_plasmid/Escherichia_coli_plasmid:Escherichia_coli_plasmid_120 (length 265)
Escherichia_coli_plasmid/Escherichia_coli_plasmid:Escherichia_coli_plasmid_121 (length 197)
Escherichia_coli_plasmid/Escherichia_coli_plasmid:Escherichia_coli_plasmid_122 (length 1575)
Escherichia_coli_plasmid/Escherichia_coli_plasmid:Escherichia_coli_plasmid_123 (length 136)

DiscRep_ALL:DISC_SOURCE_QUALS_ASNDISC::strain (all present, all unique)
DiscRep_SUB:DISC_SOURCE_QUALS_ASNDISC::1 sources have unique values for strain
DiscRep_ALL:DISC_SOURCE_QUALS_ASNDISC::taxname (all present, all unique)
DiscRep_SUB:DISC_SOURCE_QUALS_ASNDISC::1 sources have unique values for taxname
DiscRep_ALL:DISC_SOURCE_QUALS_ASNDISC::taxid (all present, all unique)
DiscRep_SUB:DISC_SOURCE_QUALS_ASNDISC::1 sources have unique values for taxid
DiscRep_ALL:DISC_FEATURE_COUNT::CDS: 123 present
DiscRep_ALL:DISC_FEATURE_COUNT::tRNA: 4 present
DiscRep_ALL:DISC_COUNT_NUCLEOTIDES::1 nucleotide Bioseqs are present
Escherichia_coli_plasmid/Escherichia_coli_plasmid:Escherichia_coli_plasmid (length 110007)

DiscRep_ALL:FEATURE_LOCATION_CONFLICT::127 features have inconsistent gene locations.
DiscRep_SUB:FEATURE_LOCATION_CONFLICT::Coding region xref gene does not exist
Escherichia_coli_plasmid/Escherichia_coli_plasmid:CDS	hypothetical protein	Escherichia_coli_plasmid:405-4091	Zymos_Ec_plasmid_00001

DiscRep_SUB:FEATURE_LOCATION_CONFLICT::Coding region xref gene does not exist
Escherichia_coli_plasmid/Escherichia_coli_plasmid:CDS	hypothetical protein	Escherichia_coli_plasmid:4158-4940	Zymos_Ec_plasmid_00002

DiscRep_SUB:FEATURE_LOCATION_CONFLICT::Coding region xref gene does not exist
Escherichia_coli_plasmid/Escherichia_coli_plasmid:CDS	hypothetical protein	Escherichia_coli_plasmid:5015-5338	Zymos_Ec_plasmid_00003

DiscRep_SUB:FEATURE_LOCATION_CONFLICT::Coding region xref gene does not exist
Escherichia_coli_plasmid/Escherichia_coli_plasmid:CDS	hypothetical protein	Escherichia_coli_plasmid:5352-6044	Zymos_Ec_plasmid_00004

DiscRep_SUB:FEATURE_LOCATION_CONFLICT::Coding region xref gene does not exist
Escherichia_coli_plasmid/Escherichia_coli_plasmid:CDS	hypothetical protein	Escherichia_coli_plasmid:6046-6297	Zymos_Ec_plasmid_00005

DiscRep_SUB:FEATURE_LOCATION_CONFLICT::Coding region xref gene does not exist
Escherichia_coli_plasmid/Escherichia_coli_plasmid:CDS	hypothetical protein	Escherichia_coli_plasmid:c6987-6466	Zymos_Ec_plasmid_00006

DiscRep_SUB:FEATURE_LOCATION_CONFLICT::Coding region xref gene does not exist
Escherichia_coli_plasmid/Escherichia_coli_plasmid:CDS	hypothetical protein	Escherichia_coli_plasmid:c7300-6995	Zymos_Ec_plasmid_00007

DiscRep_SUB:FEATURE_LOCATION_CONFLICT::Coding region xref gene does not exist
Escherichia_coli_plasmid/Escherichia_coli_plasmid:CDS	hypothetical protein	Escherichia_coli_plasmid:7583-8251	Zymos_Ec_plasmid_00008

DiscRep_SUB:FEATURE_LOCATION_CONFLICT::Coding region xref gene does not exist
Escherichia_coli_plasmid/Escherichia_coli_plasmid:CDS	hypothetical protein	Escherichia_coli_plasmid:8251-8610	Zymos_Ec_plasmid_00009

DiscRep_SUB:FEATURE_LOCATION_CONFLICT::Coding region xref gene does not exist
Escherichia_coli_plasmid/Escherichia_coli_plasmid:CDS	hypothetical protein	Escherichia_coli_plasmid:c9326-8649	Zymos_Ec_plasmid_00010

DiscRep_SUB:FEATURE_LOCATION_CONFLICT::Coding region xref gene does not exist
Escherichia_coli_plasmid/Escherichia_coli_plasmid:CDS	hypothetical protein	Escherichia_coli_plasmid:9705-10445	Zymos_Ec_plasmid_00011

DiscRep_SUB:FEATURE_LOCATION_CONFLICT::Coding region xref gene does not exist
Escherichia_coli_plasmid/Escherichia_coli_plasmid:CDS	hypothetical protein	Escherichia_coli_plasmid:10489-11829	Zymos_Ec_plasmid_00012

DiscRep_SUB:FEATURE_LOCATION_CONFLICT::Coding region xref gene does not exist
Escherichia_coli_plasmid/Escherichia_coli_plasmid:CDS	hypothetical protein	Escherichia_coli_plasmid:11912-13093	Zymos_Ec_plasmid_00013

DiscRep_SUB:FEATURE_LOCATION_CONFLICT::Coding region xref gene does not exist
Escherichia_coli_plasmid/Escherichia_coli_plasmid:CDS	hypothetical protein	Escherichia_coli_plasmid:13169-13945	Zymos_Ec_plasmid_00014

DiscRep_SUB:FEATURE_LOCATION_CONFLICT::Coding region xref gene does not exist
Escherichia_coli_plasmid/Escherichia_coli_plasmid:CDS	hypothetical protein	Escherichia_coli_plasmid:14001-14483	Zymos_Ec_plasmid_00015

DiscRep_SUB:FEATURE_LOCATION_CONFLICT::Coding region xref gene does not exist
Escherichia_coli_plasmid/Escherichia_coli_plasmid:CDS	hypothetical protein	Escherichia_coli_plasmid:14480-15802	Zymos_Ec_plasmid_00016

DiscRep_SUB:FEATURE_LOCATION_CONFLICT::Coding region xref gene does not exist
Escherichia_coli_plasmid/Escherichia_coli_plasmid:CDS	hypothetical protein	Escherichia_coli_plasmid:15799-15978	Zymos_Ec_plasmid_00017

DiscRep_SUB:FEATURE_LOCATION_CONFLICT::Coding region xref gene does not exist
Escherichia_coli_plasmid/Escherichia_coli_plasmid:CDS	hypothetical protein	Escherichia_coli_plasmid:15962-16177	Zymos_Ec_plasmid_00018

DiscRep_SUB:FEATURE_LOCATION_CONFLICT::Coding region xref gene does not exist
Escherichia_coli_plasmid/Escherichia_coli_plasmid:CDS	hypothetical protein	Escherichia_coli_plasmid:16174-16326	Zymos_Ec_plasmid_00019

DiscRep_SUB:FEATURE_LOCATION_CONFLICT::Coding region xref gene does not exist
Escherichia_coli_plasmid/Escherichia_coli_plasmid:CDS	hypothetical protein	Escherichia_coli_plasmid:16323-16613	Zymos_Ec_plasmid_00020

DiscRep_SUB:FEATURE_LOCATION_CONFLICT::Coding region xref gene does not exist
Escherichia_coli_plasmid/Escherichia_coli_plasmid:CDS	hypothetical protein	Escherichia_coli_plasmid:18308-18658	Zymos_Ec_plasmid_00025

DiscRep_SUB:FEATURE_LOCATION_CONFLICT::Coding region xref gene does not exist
Escherichia_coli_plasmid/Escherichia_coli_plasmid:CDS	Glutaredoxin 1	Escherichia_coli_plasmid:18655-18900	Zymos_Ec_plasmid_00026

DiscRep_SUB:FEATURE_LOCATION_CONFLICT::Coding region xref gene does not exist
Escherichia_coli_plasmid/Escherichia_coli_plasmid:CDS	hypothetical protein	Escherichia_coli_plasmid:19111-20214	Zymos_Ec_plasmid_00027

DiscRep_SUB:FEATURE_LOCATION_CONFLICT::Coding region xref gene does not exist
Escherichia_coli_plasmid/Escherichia_coli_plasmid:CDS	hypothetical protein	Escherichia_coli_plasmid:c20595-20209	Zymos_Ec_plasmid_00028

DiscRep_SUB:FEATURE_LOCATION_CONFLICT::Coding region xref gene does not exist
Escherichia_coli_plasmid/Escherichia_coli_plasmid:CDS	hypothetical protein	Escherichia_coli_plasmid:20847-21059	Zymos_Ec_plasmid_00029

DiscRep_SUB:FEATURE_LOCATION_CONFLICT::Coding region xref gene does not exist
Escherichia_coli_plasmid/Escherichia_coli_plasmid:CDS	hypothetical protein	Escherichia_coli_plasmid:21158-23266	Zymos_Ec_plasmid_00030

DiscRep_SUB:FEATURE_LOCATION_CONFLICT::Coding region xref gene does not exist
Escherichia_coli_plasmid/Escherichia_coli_plasmid:CDS	hypothetical protein	Escherichia_coli_plasmid:23362-24597	Zymos_Ec_plasmid_00031

DiscRep_SUB:FEATURE_LOCATION_CONFLICT::Coding region xref gene does not exist
Escherichia_coli_plasmid/Escherichia_coli_plasmid:CDS	DNA polymerase III subunit alpha	Escherichia_coli_plasmid:24778-28296	Zymos_Ec_plasmid_00032

DiscRep_SUB:FEATURE_LOCATION_CONFLICT::Coding region xref gene does not exist
Escherichia_coli_plasmid/Escherichia_coli_plasmid:CDS	hypothetical protein	Escherichia_coli_plasmid:28422-28853	Zymos_Ec_plasmid_00033

DiscRep_SUB:FEATURE_LOCATION_CONFLICT::Coding region xref gene does not exist
Escherichia_coli_plasmid/Escherichia_coli_plasmid:CDS	hypothetical protein	Escherichia_coli_plasmid:28971-29999	Zymos_Ec_plasmid_00034

DiscRep_SUB:FEATURE_LOCATION_CONFLICT::Coding region xref gene does not exist
Escherichia_coli_plasmid/Escherichia_coli_plasmid:CDS	Flap endonuclease Xni	Escherichia_coli_plasmid:30060-31004	Zymos_Ec_plasmid_00035

DiscRep_SUB:FEATURE_LOCATION_CONFLICT::Coding region xref gene does not exist
Escherichia_coli_plasmid/Escherichia_coli_plasmid:CDS	hypothetical protein	Escherichia_coli_plasmid:31004-31270	Zymos_Ec_plasmid_00036

DiscRep_SUB:FEATURE_LOCATION_CONFLICT::Coding region xref gene does not exist
Escherichia_coli_plasmid/Escherichia_coli_plasmid:CDS	Protein RecA	Escherichia_coli_plasmid:31273-33612	Zymos_Ec_plasmid_00037

DiscRep_SUB:FEATURE_LOCATION_CONFLICT::Coding region xref gene does not exist
Escherichia_coli_plasmid/Escherichia_coli_plasmid:CDS	hypothetical protein	Escherichia_coli_plasmid:33706-33906	Zymos_Ec_plasmid_00038

DiscRep_SUB:FEATURE_LOCATION_CONFLICT::Coding region xref gene does not exist
Escherichia_coli_plasmid/Escherichia_coli_plasmid:CDS	hypothetical protein	Escherichia_coli_plasmid:33910-34740	Zymos_Ec_plasmid_00039

DiscRep_SUB:FEATURE_LOCATION_CONFLICT::Coding region xref gene does not exist
Escherichia_coli_plasmid/Escherichia_coli_plasmid:CDS	hypothetical protein	Escherichia_coli_plasmid:34832-35257	Zymos_Ec_plasmid_00040

DiscRep_SUB:FEATURE_LOCATION_CONFLICT::Coding region xref gene does not exist
Escherichia_coli_plasmid/Escherichia_coli_plasmid:CDS	hypothetical protein	Escherichia_coli_plasmid:35313-35588	Zymos_Ec_plasmid_00041

DiscRep_SUB:FEATURE_LOCATION_CONFLICT::Coding region xref gene does not exist
Escherichia_coli_plasmid/Escherichia_coli_plasmid:CDS	hypothetical protein	Escherichia_coli_plasmid:35804-36139	Zymos_Ec_plasmid_00042

DiscRep_SUB:FEATURE_LOCATION_CONFLICT::Coding region xref gene does not exist
Escherichia_coli_plasmid/Escherichia_coli_plasmid:CDS	hypothetical protein	Escherichia_coli_plasmid:36139-36351	Zymos_Ec_plasmid_00043

DiscRep_SUB:FEATURE_LOCATION_CONFLICT::Coding region xref gene does not exist
Escherichia_coli_plasmid/Escherichia_coli_plasmid:CDS	RepFIB replication protein A	Escherichia_coli_plasmid:c37895-36840	Zymos_Ec_plasmid_00044

DiscRep_SUB:FEATURE_LOCATION_CONFLICT::Coding region xref gene does not exist
Escherichia_coli_plasmid/Escherichia_coli_plasmid:CDS	hypothetical protein	Escherichia_coli_plasmid:38639-39283	Zymos_Ec_plasmid_00045

DiscRep_SUB:FEATURE_LOCATION_CONFLICT::Coding region xref gene does not exist
Escherichia_coli_plasmid/Escherichia_coli_plasmid:CDS	hypothetical protein	Escherichia_coli_plasmid:39538-40470	Zymos_Ec_plasmid_00046

DiscRep_SUB:FEATURE_LOCATION_CONFLICT::Coding region xref gene does not exist
Escherichia_coli_plasmid/Escherichia_coli_plasmid:CDS	Chromosome partition protein Smc	Escherichia_coli_plasmid:41630-43546	Zymos_Ec_plasmid_00047

DiscRep_SUB:FEATURE_LOCATION_CONFLICT::Coding region xref gene does not exist
Escherichia_coli_plasmid/Escherichia_coli_plasmid:CDS	hypothetical protein	Escherichia_coli_plasmid:43536-44279	Zymos_Ec_plasmid_00048

DiscRep_SUB:FEATURE_LOCATION_CONFLICT::Coding region xref gene does not exist
Escherichia_coli_plasmid/Escherichia_coli_plasmid:CDS	hypothetical protein	Escherichia_coli_plasmid:44289-44858	Zymos_Ec_plasmid_00049

DiscRep_SUB:FEATURE_LOCATION_CONFLICT::Coding region xref gene does not exist
Escherichia_coli_plasmid/Escherichia_coli_plasmid:CDS	Ribonucleoside-diphosphate reductase 1 subunit alpha	Escherichia_coli_plasmid:44932-47247	Zymos_Ec_plasmid_00050

DiscRep_SUB:FEATURE_LOCATION_CONFLICT::Coding region xref gene does not exist
Escherichia_coli_plasmid/Escherichia_coli_plasmid:CDS	Ribonucleoside-diphosphate reductase 1 subunit beta	Escherichia_coli_plasmid:47348-48490	Zymos_Ec_plasmid_00051

DiscRep_SUB:FEATURE_LOCATION_CONFLICT::Coding region xref gene does not exist
Escherichia_coli_plasmid/Escherichia_coli_plasmid:CDS	hypothetical protein	Escherichia_coli_plasmid:48568-49437	Zymos_Ec_plasmid_00052

DiscRep_SUB:FEATURE_LOCATION_CONFLICT::Coding region xref gene does not exist
Escherichia_coli_plasmid/Escherichia_coli_plasmid:CDS	Thymidylate synthase 2	Escherichia_coli_plasmid:49608-50711	Zymos_Ec_plasmid_00053

DiscRep_SUB:FEATURE_LOCATION_CONFLICT::Coding region xref gene does not exist
Escherichia_coli_plasmid/Escherichia_coli_plasmid:CDS	hypothetical protein	Escherichia_coli_plasmid:50665-51126	Zymos_Ec_plasmid_00054

DiscRep_SUB:FEATURE_LOCATION_CONFLICT::Coding region xref gene does not exist
Escherichia_coli_plasmid/Escherichia_coli_plasmid:CDS	Dihydrofolate reductase	Escherichia_coli_plasmid:51123-51599	Zymos_Ec_plasmid_00055

DiscRep_SUB:FEATURE_LOCATION_CONFLICT::Coding region xref gene does not exist
Escherichia_coli_plasmid/Escherichia_coli_plasmid:CDS	hypothetical protein	Escherichia_coli_plasmid:51599-52243	Zymos_Ec_plasmid_00056

DiscRep_SUB:FEATURE_LOCATION_CONFLICT::Coding region xref gene does not exist
Escherichia_coli_plasmid/Escherichia_coli_plasmid:CDS	hypothetical protein	Escherichia_coli_plasmid:52305-52724	Zymos_Ec_plasmid_00057

DiscRep_SUB:FEATURE_LOCATION_CONFLICT::Coding region xref gene does not exist
Escherichia_coli_plasmid/Escherichia_coli_plasmid:CDS	DNA polymerase III subunit epsilon	Escherichia_coli_plasmid:52734-53291	Zymos_Ec_plasmid_00058

DiscRep_SUB:FEATURE_LOCATION_CONFLICT::Coding region xref gene does not exist
Escherichia_coli_plasmid/Escherichia_coli_plasmid:CDS	hypothetical protein	Escherichia_coli_plasmid:53452-54261	Zymos_Ec_plasmid_00059

DiscRep_SUB:FEATURE_LOCATION_CONFLICT::Coding region xref gene does not exist
Escherichia_coli_plasmid/Escherichia_coli_plasmid:CDS	hypothetical protein	Escherichia_coli_plasmid:54445-55038	Zymos_Ec_plasmid_00060

DiscRep_SUB:FEATURE_LOCATION_CONFLICT::Coding region xref gene does not exist
Escherichia_coli_plasmid/Escherichia_coli_plasmid:CDS	hypothetical protein	Escherichia_coli_plasmid:55225-55455	Zymos_Ec_plasmid_00061

DiscRep_SUB:FEATURE_LOCATION_CONFLICT::Coding region xref gene does not exist
Escherichia_coli_plasmid/Escherichia_coli_plasmid:CDS	Ribonuclease H	Escherichia_coli_plasmid:56038-56631	Zymos_Ec_plasmid_00062

DiscRep_SUB:FEATURE_LOCATION_CONFLICT::Coding region xref gene does not exist
Escherichia_coli_plasmid/Escherichia_coli_plasmid:CDS	hypothetical protein	Escherichia_coli_plasmid:56777-57271	Zymos_Ec_plasmid_00063

DiscRep_SUB:FEATURE_LOCATION_CONFLICT::Coding region xref gene does not exist
Escherichia_coli_plasmid/Escherichia_coli_plasmid:CDS	hypothetical protein	Escherichia_coli_plasmid:57281-57469	Zymos_Ec_plasmid_00064

DiscRep_SUB:FEATURE_LOCATION_CONFLICT::Coding region xref gene does not exist
Escherichia_coli_plasmid/Escherichia_coli_plasmid:CDS	hypothetical protein	Escherichia_coli_plasmid:57563-57988	Zymos_Ec_plasmid_00065

DiscRep_SUB:FEATURE_LOCATION_CONFLICT::Coding region xref gene does not exist
Escherichia_coli_plasmid/Escherichia_coli_plasmid:CDS	hypothetical protein	Escherichia_coli_plasmid:57988-58146	Zymos_Ec_plasmid_00066

DiscRep_SUB:FEATURE_LOCATION_CONFLICT::Coding region xref gene does not exist
Escherichia_coli_plasmid/Escherichia_coli_plasmid:CDS	hypothetical protein	Escherichia_coli_plasmid:58286-58855	Zymos_Ec_plasmid_00067

DiscRep_SUB:FEATURE_LOCATION_CONFLICT::Coding region xref gene does not exist
Escherichia_coli_plasmid/Escherichia_coli_plasmid:CDS	hypothetical protein	Escherichia_coli_plasmid:58910-59191	Zymos_Ec_plasmid_00068

DiscRep_SUB:FEATURE_LOCATION_CONFLICT::Coding region xref gene does not exist
Escherichia_coli_plasmid/Escherichia_coli_plasmid:CDS	hypothetical protein	Escherichia_coli_plasmid:59236-59808	Zymos_Ec_plasmid_00069

DiscRep_SUB:FEATURE_LOCATION_CONFLICT::Coding region xref gene does not exist
Escherichia_coli_plasmid/Escherichia_coli_plasmid:CDS	hypothetical protein	Escherichia_coli_plasmid:59912-61597	Zymos_Ec_plasmid_00070

DiscRep_SUB:FEATURE_LOCATION_CONFLICT::Coding region xref gene does not exist
Escherichia_coli_plasmid/Escherichia_coli_plasmid:CDS	hypothetical protein	Escherichia_coli_plasmid:61659-62363	Zymos_Ec_plasmid_00071

DiscRep_SUB:FEATURE_LOCATION_CONFLICT::Coding region xref gene does not exist
Escherichia_coli_plasmid/Escherichia_coli_plasmid:CDS	hypothetical protein	Escherichia_coli_plasmid:62363-62743	Zymos_Ec_plasmid_00072

DiscRep_SUB:FEATURE_LOCATION_CONFLICT::Coding region xref gene does not exist
Escherichia_coli_plasmid/Escherichia_coli_plasmid:CDS	hypothetical protein	Escherichia_coli_plasmid:62882-63433	Zymos_Ec_plasmid_00073

DiscRep_SUB:FEATURE_LOCATION_CONFLICT::Coding region xref gene does not exist
Escherichia_coli_plasmid/Escherichia_coli_plasmid:CDS	hypothetical protein	Escherichia_coli_plasmid:63430-63831	Zymos_Ec_plasmid_00074

DiscRep_SUB:FEATURE_LOCATION_CONFLICT::Coding region xref gene does not exist
Escherichia_coli_plasmid/Escherichia_coli_plasmid:CDS	hypothetical protein	Escherichia_coli_plasmid:64148-64336	Zymos_Ec_plasmid_00075

DiscRep_SUB:FEATURE_LOCATION_CONFLICT::Coding region xref gene does not exist
Escherichia_coli_plasmid/Escherichia_coli_plasmid:CDS	hypothetical protein	Escherichia_coli_plasmid:64336-65040	Zymos_Ec_plasmid_00076

DiscRep_SUB:FEATURE_LOCATION_CONFLICT::Coding region xref gene does not exist
Escherichia_coli_plasmid/Escherichia_coli_plasmid:CDS	hypothetical protein	Escherichia_coli_plasmid:65033-65254	Zymos_Ec_plasmid_00077

DiscRep_SUB:FEATURE_LOCATION_CONFLICT::Coding region xref gene does not exist
Escherichia_coli_plasmid/Escherichia_coli_plasmid:CDS	hypothetical protein	Escherichia_coli_plasmid:65251-65634	Zymos_Ec_plasmid_00078

DiscRep_SUB:FEATURE_LOCATION_CONFLICT::Coding region xref gene does not exist
Escherichia_coli_plasmid/Escherichia_coli_plasmid:CDS	hypothetical protein	Escherichia_coli_plasmid:65631-66257	Zymos_Ec_plasmid_00079

DiscRep_SUB:FEATURE_LOCATION_CONFLICT::Coding region xref gene does not exist
Escherichia_coli_plasmid/Escherichia_coli_plasmid:CDS	Protein UmuD	Escherichia_coli_plasmid:67059-67448	Zymos_Ec_plasmid_00080

DiscRep_SUB:FEATURE_LOCATION_CONFLICT::Coding region xref gene does not exist
Escherichia_coli_plasmid/Escherichia_coli_plasmid:CDS	Iron-sulfur cluster carrier protein	Escherichia_coli_plasmid:c68586-67486	Zymos_Ec_plasmid_00081

DiscRep_SUB:FEATURE_LOCATION_CONFLICT::Coding region xref gene does not exist
Escherichia_coli_plasmid/Escherichia_coli_plasmid:CDS	Methionine--tRNA ligase	Escherichia_coli_plasmid:68744-70777	Zymos_Ec_plasmid_00082

DiscRep_SUB:FEATURE_LOCATION_CONFLICT::Coding region xref gene does not exist
Escherichia_coli_plasmid/Escherichia_coli_plasmid:CDS	hypothetical protein	Escherichia_coli_plasmid:70939-71238	Zymos_Ec_plasmid_00083

DiscRep_SUB:FEATURE_LOCATION_CONFLICT::Coding region xref gene does not exist
Escherichia_coli_plasmid/Escherichia_coli_plasmid:CDS	hypothetical protein	Escherichia_coli_plasmid:71284-72018	Zymos_Ec_plasmid_00084

DiscRep_SUB:FEATURE_LOCATION_CONFLICT::Coding region xref gene does not exist
Escherichia_coli_plasmid/Escherichia_coli_plasmid:CDS	hypothetical protein	Escherichia_coli_plasmid:73573-73902	Zymos_Ec_plasmid_00085

DiscRep_SUB:FEATURE_LOCATION_CONFLICT::Coding region xref gene does not exist
Escherichia_coli_plasmid/Escherichia_coli_plasmid:CDS	hypothetical protein	Escherichia_coli_plasmid:74057-74368	Zymos_Ec_plasmid_00086

DiscRep_SUB:FEATURE_LOCATION_CONFLICT::Coding region xref gene does not exist
Escherichia_coli_plasmid/Escherichia_coli_plasmid:CDS	hypothetical protein	Escherichia_coli_plasmid:74496-74891	Zymos_Ec_plasmid_00087

DiscRep_SUB:FEATURE_LOCATION_CONFLICT::Coding region xref gene does not exist
Escherichia_coli_plasmid/Escherichia_coli_plasmid:CDS	hypothetical protein	Escherichia_coli_plasmid:75009-75383	Zymos_Ec_plasmid_00088

DiscRep_SUB:FEATURE_LOCATION_CONFLICT::Coding region xref gene does not exist
Escherichia_coli_plasmid/Escherichia_coli_plasmid:CDS	hypothetical protein	Escherichia_coli_plasmid:75719-76000	Zymos_Ec_plasmid_00089

DiscRep_SUB:FEATURE_LOCATION_CONFLICT::Coding region xref gene does not exist
Escherichia_coli_plasmid/Escherichia_coli_plasmid:CDS	hypothetical protein	Escherichia_coli_plasmid:76205-76687	Zymos_Ec_plasmid_00090

DiscRep_SUB:FEATURE_LOCATION_CONFLICT::Coding region xref gene does not exist
Escherichia_coli_plasmid/Escherichia_coli_plasmid:CDS	hypothetical protein	Escherichia_coli_plasmid:c77534-77304	Zymos_Ec_plasmid_00091

DiscRep_SUB:FEATURE_LOCATION_CONFLICT::Coding region xref gene does not exist
Escherichia_coli_plasmid/Escherichia_coli_plasmid:CDS	hypothetical protein	Escherichia_coli_plasmid:c77803-77555	Zymos_Ec_plasmid_00092

DiscRep_SUB:FEATURE_LOCATION_CONFLICT::Coding region xref gene does not exist
Escherichia_coli_plasmid/Escherichia_coli_plasmid:CDS	hypothetical protein	Escherichia_coli_plasmid:c78457-77807	Zymos_Ec_plasmid_00093

DiscRep_SUB:FEATURE_LOCATION_CONFLICT::Coding region xref gene does not exist
Escherichia_coli_plasmid/Escherichia_coli_plasmid:CDS	hypothetical protein	Escherichia_coli_plasmid:c79049-78741	Zymos_Ec_plasmid_00094

DiscRep_SUB:FEATURE_LOCATION_CONFLICT::Coding region xref gene does not exist
Escherichia_coli_plasmid/Escherichia_coli_plasmid:CDS	hypothetical protein	Escherichia_coli_plasmid:c79577-79053	Zymos_Ec_plasmid_00095

DiscRep_SUB:FEATURE_LOCATION_CONFLICT::Coding region xref gene does not exist
Escherichia_coli_plasmid/Escherichia_coli_plasmid:CDS	hypothetical protein	Escherichia_coli_plasmid:c80046-79582	Zymos_Ec_plasmid_00096

DiscRep_SUB:FEATURE_LOCATION_CONFLICT::Coding region xref gene does not exist
Escherichia_coli_plasmid/Escherichia_coli_plasmid:CDS	hypothetical protein	Escherichia_coli_plasmid:c80351-80073	Zymos_Ec_plasmid_00097

DiscRep_SUB:FEATURE_LOCATION_CONFLICT::Coding region xref gene does not exist
Escherichia_coli_plasmid/Escherichia_coli_plasmid:CDS	ATP-dependent RNA helicase DbpA	Escherichia_coli_plasmid:c81913-80354	Zymos_Ec_plasmid_00098

DiscRep_SUB:FEATURE_LOCATION_CONFLICT::Coding region xref gene does not exist
Escherichia_coli_plasmid/Escherichia_coli_plasmid:CDS	Nucleoid occlusion protein	Escherichia_coli_plasmid:81996-82676	Zymos_Ec_plasmid_00099

DiscRep_SUB:FEATURE_LOCATION_CONFLICT::Coding region xref gene does not exist
Escherichia_coli_plasmid/Escherichia_coli_plasmid:CDS	hypothetical protein	Escherichia_coli_plasmid:82676-83344	Zymos_Ec_plasmid_00100

DiscRep_SUB:FEATURE_LOCATION_CONFLICT::Coding region xref gene does not exist
Escherichia_coli_plasmid/Escherichia_coli_plasmid:CDS	hypothetical protein	Escherichia_coli_plasmid:83341-84006	Zymos_Ec_plasmid_00101

DiscRep_SUB:FEATURE_LOCATION_CONFLICT::Coding region xref gene does not exist
Escherichia_coli_plasmid/Escherichia_coli_plasmid:CDS	hypothetical protein	Escherichia_coli_plasmid:84003-84893	Zymos_Ec_plasmid_00102

DiscRep_SUB:FEATURE_LOCATION_CONFLICT::Coding region xref gene does not exist
Escherichia_coli_plasmid/Escherichia_coli_plasmid:CDS	hypothetical protein	Escherichia_coli_plasmid:84903-85169	Zymos_Ec_plasmid_00103

DiscRep_SUB:FEATURE_LOCATION_CONFLICT::Coding region xref gene does not exist
Escherichia_coli_plasmid/Escherichia_coli_plasmid:CDS	hypothetical protein	Escherichia_coli_plasmid:85366-85998	Zymos_Ec_plasmid_00104

DiscRep_SUB:FEATURE_LOCATION_CONFLICT::Coding region xref gene does not exist
Escherichia_coli_plasmid/Escherichia_coli_plasmid:CDS	hypothetical protein	Escherichia_coli_plasmid:85998-87254	Zymos_Ec_plasmid_00105

DiscRep_SUB:FEATURE_LOCATION_CONFLICT::Coding region xref gene does not exist
Escherichia_coli_plasmid/Escherichia_coli_plasmid:CDS	hypothetical protein	Escherichia_coli_plasmid:87281-88855	Zymos_Ec_plasmid_00106

DiscRep_SUB:FEATURE_LOCATION_CONFLICT::Coding region xref gene does not exist
Escherichia_coli_plasmid/Escherichia_coli_plasmid:CDS	hypothetical protein	Escherichia_coli_plasmid:88877-89764	Zymos_Ec_plasmid_00107

DiscRep_SUB:FEATURE_LOCATION_CONFLICT::Coding region xref gene does not exist
Escherichia_coli_plasmid/Escherichia_coli_plasmid:CDS	hypothetical protein	Escherichia_coli_plasmid:89790-90665	Zymos_Ec_plasmid_00108

DiscRep_SUB:FEATURE_LOCATION_CONFLICT::Coding region xref gene does not exist
Escherichia_coli_plasmid/Escherichia_coli_plasmid:CDS	Ice-binding protein 1	Escherichia_coli_plasmid:90739-91659	Zymos_Ec_plasmid_00109

DiscRep_SUB:FEATURE_LOCATION_CONFLICT::Coding region xref gene does not exist
Escherichia_coli_plasmid/Escherichia_coli_plasmid:CDS	hypothetical protein	Escherichia_coli_plasmid:91704-92138	Zymos_Ec_plasmid_00110

DiscRep_SUB:FEATURE_LOCATION_CONFLICT::Coding region xref gene does not exist
Escherichia_coli_plasmid/Escherichia_coli_plasmid:CDS	hypothetical protein	Escherichia_coli_plasmid:92138-92971	Zymos_Ec_plasmid_00111

DiscRep_SUB:FEATURE_LOCATION_CONFLICT::Coding region xref gene does not exist
Escherichia_coli_plasmid/Escherichia_coli_plasmid:CDS	hypothetical protein	Escherichia_coli_plasmid:93051-93395	Zymos_Ec_plasmid_00112

DiscRep_SUB:FEATURE_LOCATION_CONFLICT::Coding region xref gene does not exist
Escherichia_coli_plasmid/Escherichia_coli_plasmid:CDS	hypothetical protein	Escherichia_coli_plasmid:93386-93859	Zymos_Ec_plasmid_00113

DiscRep_SUB:FEATURE_LOCATION_CONFLICT::Coding region xref gene does not exist
Escherichia_coli_plasmid/Escherichia_coli_plasmid:CDS	hypothetical protein	Escherichia_coli_plasmid:93861-94244	Zymos_Ec_plasmid_00114

DiscRep_SUB:FEATURE_LOCATION_CONFLICT::Coding region xref gene does not exist
Escherichia_coli_plasmid/Escherichia_coli_plasmid:CDS	hypothetical protein	Escherichia_coli_plasmid:94319-95065	Zymos_Ec_plasmid_00115

DiscRep_SUB:FEATURE_LOCATION_CONFLICT::Coding region xref gene does not exist
Escherichia_coli_plasmid/Escherichia_coli_plasmid:CDS	hypothetical protein	Escherichia_coli_plasmid:95121-95438	Zymos_Ec_plasmid_00116

DiscRep_SUB:FEATURE_LOCATION_CONFLICT::Coding region xref gene does not exist
Escherichia_coli_plasmid/Escherichia_coli_plasmid:CDS	hypothetical protein	Escherichia_coli_plasmid:95519-95788	Zymos_Ec_plasmid_00117

DiscRep_SUB:FEATURE_LOCATION_CONFLICT::Coding region xref gene does not exist
Escherichia_coli_plasmid/Escherichia_coli_plasmid:CDS	hypothetical protein	Escherichia_coli_plasmid:95796-96374	Zymos_Ec_plasmid_00118

DiscRep_SUB:FEATURE_LOCATION_CONFLICT::Coding region xref gene does not exist
Escherichia_coli_plasmid/Escherichia_coli_plasmid:CDS	IS3 family transposase IS629	Escherichia_coli_plasmid:c97143-96256	Zymos_Ec_plasmid_00119

DiscRep_SUB:FEATURE_LOCATION_CONFLICT::Coding region xref gene does not exist
Escherichia_coli_plasmid/Escherichia_coli_plasmid:CDS	IS3 family transposase ISEc25	Escherichia_coli_plasmid:c97469-97143	Zymos_Ec_plasmid_00120

DiscRep_SUB:FEATURE_LOCATION_CONFLICT::Coding region xref gene does not exist
Escherichia_coli_plasmid/Escherichia_coli_plasmid:CDS	hypothetical protein	Escherichia_coli_plasmid:97565-101680	Zymos_Ec_plasmid_00121

DiscRep_SUB:FEATURE_LOCATION_CONFLICT::Coding region xref gene does not exist
Escherichia_coli_plasmid/Escherichia_coli_plasmid:CDS	hypothetical protein	Escherichia_coli_plasmid:101723-102058	Zymos_Ec_plasmid_00122

DiscRep_SUB:FEATURE_LOCATION_CONFLICT::Coding region xref gene does not exist
Escherichia_coli_plasmid/Escherichia_coli_plasmid:CDS	hypothetical protein	Escherichia_coli_plasmid:102141-102839	Zymos_Ec_plasmid_00123

DiscRep_SUB:FEATURE_LOCATION_CONFLICT::Coding region xref gene does not exist
Escherichia_coli_plasmid/Escherichia_coli_plasmid:CDS	hypothetical protein	Escherichia_coli_plasmid:102832-103629	Zymos_Ec_plasmid_00124

DiscRep_SUB:FEATURE_LOCATION_CONFLICT::Coding region xref gene does not exist
Escherichia_coli_plasmid/Escherichia_coli_plasmid:CDS	hypothetical protein	Escherichia_coli_plasmid:103617-104210	Zymos_Ec_plasmid_00125

DiscRep_SUB:FEATURE_LOCATION_CONFLICT::Coding region xref gene does not exist
Escherichia_coli_plasmid/Escherichia_coli_plasmid:CDS	hypothetical protein	Escherichia_coli_plasmid:104229-108956	Zymos_Ec_plasmid_00126

DiscRep_SUB:FEATURE_LOCATION_CONFLICT::Coding region xref gene does not exist
Escherichia_coli_plasmid/Escherichia_coli_plasmid:CDS	hypothetical protein	Escherichia_coli_plasmid:c110002-109592	Zymos_Ec_plasmid_00127

DiscRep_SUB:FEATURE_LOCATION_CONFLICT::RNA feature xref gene does not exist
Escherichia_coli_plasmid/Escherichia_coli_plasmid:tRNA	Asn	Escherichia_coli_plasmid:17390-17464	Zymos_Ec_plasmid_00021

DiscRep_SUB:FEATURE_LOCATION_CONFLICT::RNA feature xref gene does not exist
Escherichia_coli_plasmid/Escherichia_coli_plasmid:tRNA	Tyr	Escherichia_coli_plasmid:17470-17556	Zymos_Ec_plasmid_00022

DiscRep_SUB:FEATURE_LOCATION_CONFLICT::RNA feature xref gene does not exist
Escherichia_coli_plasmid/Escherichia_coli_plasmid:tRNA	Thr	Escherichia_coli_plasmid:17561-17636	Zymos_Ec_plasmid_00023

DiscRep_SUB:FEATURE_LOCATION_CONFLICT::RNA feature xref gene does not exist
Escherichia_coli_plasmid/Escherichia_coli_plasmid:tRNA	Ser	Escherichia_coli_plasmid:18001-18087	Zymos_Ec_plasmid_00024

DiscRep_ALL:DISC_QUALITY_SCORES::Quality scores are missing on all sequences.

DiscRep_ALL:ONCALLER_COMMENT_PRESENT::1 comment descriptors were found (all same)
Escherichia_coli_plasmid/Escherichia_coli_plasmid:Escherichia_coli_plasmid:Annotated using prokka 1.14.6 from https://github.com/tseemann/prokka

DiscRep_ALL:MISSING_GENOMEASSEMBLY_COMMENTS::1 bioseqs are missing GenomeAssembly structured comments
Escherichia_coli_plasmid/Escherichia_coli_plasmid:Escherichia_coli_plasmid (length 110007)

DiscRep_ALL:DISC_BACTERIAL_TAX_STRAIN_MISMATCH::1 biosources have tax name/strain mismatch
Escherichia_coli_plasmid/Escherichia_coli_plasmid:Escherichia_coli_plasmid:Escherichia coli

DiscRep_ALL:MOLTYPE_NOT_MRNA::1 molecule types are not set as mRNA.
Escherichia_coli_plasmid/Escherichia_coli_plasmid:Escherichia_coli_plasmid (length 110007)

DiscRep_ALL:TECHNIQUE_NOT_TSA::1 technique are not set as TSA
Escherichia_coli_plasmid/Escherichia_coli_plasmid:Escherichia_coli_plasmid (length 110007)

DiscRep_ALL:MISSING_STRUCTURED_COMMENT::1 sequences do not include structured comments.
Escherichia_coli_plasmid/Escherichia_coli_plasmid:Escherichia_coli_plasmid (length 110007)

DiscRep_ALL:MISSING_PROJECT::124 sequences do not include project.
Escherichia_coli_plasmid/Escherichia_coli_plasmid:Escherichia_coli_plasmid (length 110007)
Escherichia_coli_plasmid/Escherichia_coli_plasmid:Escherichia_coli_plasmid_1 (length 1228)
Escherichia_coli_plasmid/Escherichia_coli_plasmid:Escherichia_coli_plasmid_2 (length 260)
Escherichia_coli_plasmid/Escherichia_coli_plasmid:Escherichia_coli_plasmid_3 (length 107)
Escherichia_coli_plasmid/Escherichia_coli_plasmid:Escherichia_coli_plasmid_4 (length 230)
Escherichia_coli_plasmid/Escherichia_coli_plasmid:Escherichia_coli_plasmid_5 (length 83)
Escherichia_coli_plasmid/Escherichia_coli_plasmid:Escherichia_coli_plasmid_6 (length 173)
Escherichia_coli_plasmid/Escherichia_coli_plasmid:Escherichia_coli_plasmid_7 (length 101)
Escherichia_coli_plasmid/Escherichia_coli_plasmid:Escherichia_coli_plasmid_8 (length 222)
Escherichia_coli_plasmid/Escherichia_coli_plasmid:Escherichia_coli_plasmid_9 (length 119)
Escherichia_coli_plasmid/Escherichia_coli_plasmid:Escherichia_coli_plasmid_10 (length 225)
Escherichia_coli_plasmid/Escherichia_coli_plasmid:Escherichia_coli_plasmid_11 (length 246)
Escherichia_coli_plasmid/Escherichia_coli_plasmid:Escherichia_coli_plasmid_12 (length 446)
Escherichia_coli_plasmid/Escherichia_coli_plasmid:Escherichia_coli_plasmid_13 (length 393)
Escherichia_coli_plasmid/Escherichia_coli_plasmid:Escherichia_coli_plasmid_14 (length 258)
Escherichia_coli_plasmid/Escherichia_coli_plasmid:Escherichia_coli_plasmid_15 (length 160)
Escherichia_coli_plasmid/Escherichia_coli_plasmid:Escherichia_coli_plasmid_16 (length 440)
Escherichia_coli_plasmid/Escherichia_coli_plasmid:Escherichia_coli_plasmid_17 (length 59)
Escherichia_coli_plasmid/Escherichia_coli_plasmid:Escherichia_coli_plasmid_18 (length 71)
Escherichia_coli_plasmid/Escherichia_coli_plasmid:Escherichia_coli_plasmid_19 (length 50)
Escherichia_coli_plasmid/Escherichia_coli_plasmid:Escherichia_coli_plasmid_20 (length 96)
Escherichia_coli_plasmid/Escherichia_coli_plasmid:Escherichia_coli_plasmid_21 (length 116)
Escherichia_coli_plasmid/Escherichia_coli_plasmid:Escherichia_coli_plasmid_22 (length 81)
Escherichia_coli_plasmid/Escherichia_coli_plasmid:Escherichia_coli_plasmid_23 (length 367)
Escherichia_coli_plasmid/Escherichia_coli_plasmid:Escherichia_coli_plasmid_24 (length 128)
Escherichia_coli_plasmid/Escherichia_coli_plasmid:Escherichia_coli_plasmid_25 (length 70)
Escherichia_coli_plasmid/Escherichia_coli_plasmid:Escherichia_coli_plasmid_26 (length 702)
Escherichia_coli_plasmid/Escherichia_coli_plasmid:Escherichia_coli_plasmid_27 (length 411)
Escherichia_coli_plasmid/Escherichia_coli_plasmid:Escherichia_coli_plasmid_28 (length 1172)
Escherichia_coli_plasmid/Escherichia_coli_plasmid:Escherichia_coli_plasmid_29 (length 143)
Escherichia_coli_plasmid/Escherichia_coli_plasmid:Escherichia_coli_plasmid_30 (length 342)
Escherichia_coli_plasmid/Escherichia_coli_plasmid:Escherichia_coli_plasmid_31 (length 314)
Escherichia_coli_plasmid/Escherichia_coli_plasmid:Escherichia_coli_plasmid_32 (length 88)
Escherichia_coli_plasmid/Escherichia_coli_plasmid:Escherichia_coli_plasmid_33 (length 779)
Escherichia_coli_plasmid/Escherichia_coli_plasmid:Escherichia_coli_plasmid_34 (length 66)
Escherichia_coli_plasmid/Escherichia_coli_plasmid:Escherichia_coli_plasmid_35 (length 276)
Escherichia_coli_plasmid/Escherichia_coli_plasmid:Escherichia_coli_plasmid_36 (length 141)
Escherichia_coli_plasmid/Escherichia_coli_plasmid:Escherichia_coli_plasmid_37 (length 91)
Escherichia_coli_plasmid/Escherichia_coli_plasmid:Escherichia_coli_plasmid_38 (length 111)
Escherichia_coli_plasmid/Escherichia_coli_plasmid:Escherichia_coli_plasmid_39 (length 70)
Escherichia_coli_plasmid/Escherichia_coli_plasmid:Escherichia_coli_plasmid_40 (length 351)
Escherichia_coli_plasmid/Escherichia_coli_plasmid:Escherichia_coli_plasmid_41 (length 214)
Escherichia_coli_plasmid/Escherichia_coli_plasmid:Escherichia_coli_plasmid_42 (length 310)
Escherichia_coli_plasmid/Escherichia_coli_plasmid:Escherichia_coli_plasmid_43 (length 638)
Escherichia_coli_plasmid/Escherichia_coli_plasmid:Escherichia_coli_plasmid_44 (length 247)
Escherichia_coli_plasmid/Escherichia_coli_plasmid:Escherichia_coli_plasmid_45 (length 189)
Escherichia_coli_plasmid/Escherichia_coli_plasmid:Escherichia_coli_plasmid_46 (length 771)
Escherichia_coli_plasmid/Escherichia_coli_plasmid:Escherichia_coli_plasmid_47 (length 380)
Escherichia_coli_plasmid/Escherichia_coli_plasmid:Escherichia_coli_plasmid_48 (length 289)
Escherichia_coli_plasmid/Escherichia_coli_plasmid:Escherichia_coli_plasmid_49 (length 367)
Escherichia_coli_plasmid/Escherichia_coli_plasmid:Escherichia_coli_plasmid_50 (length 153)
Escherichia_coli_plasmid/Escherichia_coli_plasmid:Escherichia_coli_plasmid_51 (length 158)
Escherichia_coli_plasmid/Escherichia_coli_plasmid:Escherichia_coli_plasmid_52 (length 214)
Escherichia_coli_plasmid/Escherichia_coli_plasmid:Escherichia_coli_plasmid_53 (length 139)
Escherichia_coli_plasmid/Escherichia_coli_plasmid:Escherichia_coli_plasmid_54 (length 185)
Escherichia_coli_plasmid/Escherichia_coli_plasmid:Escherichia_coli_plasmid_55 (length 269)
Escherichia_coli_plasmid/Escherichia_coli_plasmid:Escherichia_coli_plasmid_56 (length 197)
Escherichia_coli_plasmid/Escherichia_coli_plasmid:Escherichia_coli_plasmid_57 (length 76)
Escherichia_coli_plasmid/Escherichia_coli_plasmid:Escherichia_coli_plasmid_58 (length 197)
Escherichia_coli_plasmid/Escherichia_coli_plasmid:Escherichia_coli_plasmid_59 (length 164)
Escherichia_coli_plasmid/Escherichia_coli_plasmid:Escherichia_coli_plasmid_60 (length 62)
Escherichia_coli_plasmid/Escherichia_coli_plasmid:Escherichia_coli_plasmid_61 (length 141)
Escherichia_coli_plasmid/Escherichia_coli_plasmid:Escherichia_coli_plasmid_62 (length 52)
Escherichia_coli_plasmid/Escherichia_coli_plasmid:Escherichia_coli_plasmid_63 (length 189)
Escherichia_coli_plasmid/Escherichia_coli_plasmid:Escherichia_coli_plasmid_64 (length 93)
Escherichia_coli_plasmid/Escherichia_coli_plasmid:Escherichia_coli_plasmid_65 (length 190)
Escherichia_coli_plasmid/Escherichia_coli_plasmid:Escherichia_coli_plasmid_66 (length 561)
Escherichia_coli_plasmid/Escherichia_coli_plasmid:Escherichia_coli_plasmid_67 (length 234)
Escherichia_coli_plasmid/Escherichia_coli_plasmid:Escherichia_coli_plasmid_68 (length 126)
Escherichia_coli_plasmid/Escherichia_coli_plasmid:Escherichia_coli_plasmid_69 (length 183)
Escherichia_coli_plasmid/Escherichia_coli_plasmid:Escherichia_coli_plasmid_70 (length 133)
Escherichia_coli_plasmid/Escherichia_coli_plasmid:Escherichia_coli_plasmid_71 (length 62)
Escherichia_coli_plasmid/Escherichia_coli_plasmid:Escherichia_coli_plasmid_72 (length 234)
Escherichia_coli_plasmid/Escherichia_coli_plasmid:Escherichia_coli_plasmid_73 (length 73)
Escherichia_coli_plasmid/Escherichia_coli_plasmid:Escherichia_coli_plasmid_74 (length 127)
Escherichia_coli_plasmid/Escherichia_coli_plasmid:Escherichia_coli_plasmid_75 (length 208)
Escherichia_coli_plasmid/Escherichia_coli_plasmid:Escherichia_coli_plasmid_76 (length 129)
Escherichia_coli_plasmid/Escherichia_coli_plasmid:Escherichia_coli_plasmid_77 (length 366)
Escherichia_coli_plasmid/Escherichia_coli_plasmid:Escherichia_coli_plasmid_78 (length 677)
Escherichia_coli_plasmid/Escherichia_coli_plasmid:Escherichia_coli_plasmid_79 (length 99)
Escherichia_coli_plasmid/Escherichia_coli_plasmid:Escherichia_coli_plasmid_80 (length 244)
Escherichia_coli_plasmid/Escherichia_coli_plasmid:Escherichia_coli_plasmid_81 (length 109)
Escherichia_coli_plasmid/Escherichia_coli_plasmid:Escherichia_coli_plasmid_82 (length 103)
Escherichia_coli_plasmid/Escherichia_coli_plasmid:Escherichia_coli_plasmid_83 (length 131)
Escherichia_coli_plasmid/Escherichia_coli_plasmid:Escherichia_coli_plasmid_84 (length 124)
Escherichia_coli_plasmid/Escherichia_coli_plasmid:Escherichia_coli_plasmid_85 (length 93)
Escherichia_coli_plasmid/Escherichia_coli_plasmid:Escherichia_coli_plasmid_86 (length 160)
Escherichia_coli_plasmid/Escherichia_coli_plasmid:Escherichia_coli_plasmid_87 (length 76)
Escherichia_coli_plasmid/Escherichia_coli_plasmid:Escherichia_coli_plasmid_88 (length 82)
Escherichia_coli_plasmid/Escherichia_coli_plasmid:Escherichia_coli_plasmid_89 (length 216)
Escherichia_coli_plasmid/Escherichia_coli_plasmid:Escherichia_coli_plasmid_90 (length 102)
Escherichia_coli_plasmid/Escherichia_coli_plasmid:Escherichia_coli_plasmid_91 (length 174)
Escherichia_coli_plasmid/Escherichia_coli_plasmid:Escherichia_coli_plasmid_92 (length 154)
Escherichia_coli_plasmid/Escherichia_coli_plasmid:Escherichia_coli_plasmid_93 (length 92)
Escherichia_coli_plasmid/Escherichia_coli_plasmid:Escherichia_coli_plasmid_94 (length 519)
Escherichia_coli_plasmid/Escherichia_coli_plasmid:Escherichia_coli_plasmid_95 (length 226)
Escherichia_coli_plasmid/Escherichia_coli_plasmid:Escherichia_coli_plasmid_96 (length 222)
Escherichia_coli_plasmid/Escherichia_coli_plasmid:Escherichia_coli_plasmid_97 (length 221)
Escherichia_coli_plasmid/Escherichia_coli_plasmid:Escherichia_coli_plasmid_98 (length 296)
Escherichia_coli_plasmid/Escherichia_coli_plasmid:Escherichia_coli_plasmid_99 (length 88)
Escherichia_coli_plasmid/Escherichia_coli_plasmid:Escherichia_coli_plasmid_100 (length 210)
Escherichia_coli_plasmid/Escherichia_coli_plasmid:Escherichia_coli_plasmid_101 (length 418)
Escherichia_coli_plasmid/Escherichia_coli_plasmid:Escherichia_coli_plasmid_102 (length 524)
Escherichia_coli_plasmid/Escherichia_coli_plasmid:Escherichia_coli_plasmid_103 (length 295)
Escherichia_coli_plasmid/Escherichia_coli_plasmid:Escherichia_coli_plasmid_104 (length 291)
Escherichia_coli_plasmid/Escherichia_coli_plasmid:Escherichia_coli_plasmid_105 (length 306)
Escherichia_coli_plasmid/Escherichia_coli_plasmid:Escherichia_coli_plasmid_106 (length 144)
Escherichia_coli_plasmid/Escherichia_coli_plasmid:Escherichia_coli_plasmid_107 (length 277)
Escherichia_coli_plasmid/Escherichia_coli_plasmid:Escherichia_coli_plasmid_108 (length 114)
Escherichia_coli_plasmid/Escherichia_coli_plasmid:Escherichia_coli_plasmid_109 (length 157)
Escherichia_coli_plasmid/Escherichia_coli_plasmid:Escherichia_coli_plasmid_110 (length 127)
Escherichia_coli_plasmid/Escherichia_coli_plasmid:Escherichia_coli_plasmid_111 (length 248)
Escherichia_coli_plasmid/Escherichia_coli_plasmid:Escherichia_coli_plasmid_112 (length 105)
Escherichia_coli_plasmid/Escherichia_coli_plasmid:Escherichia_coli_plasmid_113 (length 89)
Escherichia_coli_plasmid/Escherichia_coli_plasmid:Escherichia_coli_plasmid_114 (length 192)
Escherichia_coli_plasmid/Escherichia_coli_plasmid:Escherichia_coli_plasmid_115 (length 295)
Escherichia_coli_plasmid/Escherichia_coli_plasmid:Escherichia_coli_plasmid_116 (length 108)
Escherichia_coli_plasmid/Escherichia_coli_plasmid:Escherichia_coli_plasmid_117 (length 1371)
Escherichia_coli_plasmid/Escherichia_coli_plasmid:Escherichia_coli_plasmid_118 (length 111)
Escherichia_coli_plasmid/Escherichia_coli_plasmid:Escherichia_coli_plasmid_119 (length 232)
Escherichia_coli_plasmid/Escherichia_coli_plasmid:Escherichia_coli_plasmid_120 (length 265)
Escherichia_coli_plasmid/Escherichia_coli_plasmid:Escherichia_coli_plasmid_121 (length 197)
Escherichia_coli_plasmid/Escherichia_coli_plasmid:Escherichia_coli_plasmid_122 (length 1575)
Escherichia_coli_plasmid/Escherichia_coli_plasmid:Escherichia_coli_plasmid_123 (length 136)

DiscRep_ALL:DISC_INCONSISTENT_MOLINFO_TECH::Molinfo Technique Report (some missing, all same)
DiscRep_SUB:DISC_INCONSISTENT_MOLINFO_TECH::technique (all missing)
DiscRep_SUB:DISC_INCONSISTENT_MOLINFO_TECH::1 Molinfos are missing field technique
Escherichia_coli_plasmid/Escherichia_coli_plasmid:Escherichia_coli_plasmid (length 110007)

